{"/Users/kornfer/Library/CloudStorage/OneDrive-Hilti/projects/poc/openhqm-rm/src/config/settings.ts": {"path":"/Users/kornfer/Library/CloudStorage/OneDrive-Hilti/projects/poc/openhqm-rm/src/config/settings.ts","statementMap":{"0":{"start":{"line":1,"column":24},"end":{"line":49,"column":null}}},"fnMap":{},"branchMap":{},"s":{"0":3},"f":{},"b":{},"meta":{"lastBranch":0,"lastFunction":0,"lastStatement":1,"seen":{"s:1:24:49:Infinity":0}}}
,"/Users/kornfer/Library/CloudStorage/OneDrive-Hilti/projects/poc/openhqm-rm/src/services/jqEngine.ts": {"path":"/Users/kornfer/Library/CloudStorage/OneDrive-Hilti/projects/poc/openhqm-rm/src/services/jqEngine.ts","statementMap":{"0":{"start":{"line":4,"column":20},"end":{"line":4,"column":null}},"1":{"start":{"line":5,"column":24},"end":{"line":5,"column":null}},"2":{"start":{"line":8,"column":4},"end":{"line":8,"column":null}},"3":{"start":{"line":8,"column":26},"end":{"line":8,"column":null}},"4":{"start":{"line":10,"column":4},"end":{"line":17,"column":null}},"5":{"start":{"line":12,"column":23},"end":{"line":12,"column":null}},"6":{"start":{"line":13,"column":6},"end":{"line":13,"column":null}},"7":{"start":{"line":14,"column":6},"end":{"line":14,"column":null}},"8":{"start":{"line":16,"column":6},"end":{"line":16,"column":null}},"9":{"start":{"line":17,"column":6},"end":{"line":17,"column":null}},"10":{"start":{"line":22,"column":4},"end":{"line":23,"column":null}},"11":{"start":{"line":23,"column":6},"end":{"line":23,"column":null}},"12":{"start":{"line":26,"column":4},"end":{"line":42,"column":null}},"13":{"start":{"line":29,"column":6},"end":{"line":29,"column":null}},"14":{"start":{"line":30,"column":6},"end":{"line":30,"column":null}},"15":{"start":{"line":32,"column":21},"end":{"line":32,"column":56}},"16":{"start":{"line":33,"column":6},"end":{"line":33,"column":null}},"17":{"start":{"line":35,"column":6},"end":{"line":35,"column":null}},"18":{"start":{"line":37,"column":6},"end":{"line":37,"column":null}},"19":{"start":{"line":38,"column":6},"end":{"line":42,"column":null}},"20":{"start":{"line":47,"column":4},"end":{"line":48,"column":null}},"21":{"start":{"line":48,"column":6},"end":{"line":48,"column":null}},"22":{"start":{"line":51,"column":4},"end":{"line":60,"column":null}},"23":{"start":{"line":53,"column":6},"end":{"line":53,"column":null}},"24":{"start":{"line":54,"column":6},"end":{"line":54,"column":null}},"25":{"start":{"line":56,"column":6},"end":{"line":60,"column":null}},"26":{"start":{"line":65,"column":20},"end":{"line":65,"column":53}},"27":{"start":{"line":66,"column":4},"end":{"line":66,"column":null}},"28":{"start":{"line":70,"column":34},"end":{"line":70,"column":36}},"29":{"start":{"line":71,"column":10},"end":{"line":71,"column":55}},"30":{"start":{"line":73,"column":4},"end":{"line":75,"column":null}},"31":{"start":{"line":74,"column":6},"end":{"line":74,"column":null}},"32":{"start":{"line":75,"column":6},"end":{"line":75,"column":null}},"33":{"start":{"line":78,"column":4},"end":{"line":82,"column":null}},"34":{"start":{"line":79,"column":6},"end":{"line":81,"column":null}},"35":{"start":{"line":82,"column":6},"end":{"line":82,"column":null}},"36":{"start":{"line":85,"column":4},"end":{"line":87,"column":null}},"37":{"start":{"line":86,"column":6},"end":{"line":86,"column":null}},"38":{"start":{"line":87,"column":6},"end":{"line":87,"column":null}},"39":{"start":{"line":90,"column":4},"end":{"line":90,"column":null}},"40":{"start":{"line":95,"column":25},"end":{"line":95,"column":40}}},"fnMap":{"0":{"name":"(anonymous_0)","decl":{"start":{"line":7,"column":8},"end":{"line":7,"column":30}},"loc":{"start":{"line":7,"column":30},"end":{"line":17,"column":null}},"line":7},"1":{"name":"(anonymous_1)","decl":{"start":{"line":21,"column":8},"end":{"line":21,"column":18}},"loc":{"start":{"line":21,"column":80},"end":{"line":42,"column":null}},"line":21},"2":{"name":"(anonymous_2)","decl":{"start":{"line":46,"column":8},"end":{"line":46,"column":17}},"loc":{"start":{"line":46,"column":64},"end":{"line":60,"column":null}},"line":46},"3":{"name":"(anonymous_3)","decl":{"start":{"line":64,"column":2},"end":{"line":64,"column":10}},"loc":{"start":{"line":64,"column":43},"end":{"line":66,"column":null}},"line":64},"4":{"name":"(anonymous_4)","decl":{"start":{"line":69,"column":2},"end":{"line":69,"column":10}},"loc":{"start":{"line":69,"column":47},"end":{"line":90,"column":null}},"line":69}},"branchMap":{"0":{"loc":{"start":{"line":8,"column":4},"end":{"line":8,"column":null}},"type":"if","locations":[{"start":{"line":8,"column":4},"end":{"line":8,"column":null}},{"start":{},"end":{}}],"line":8},"1":{"loc":{"start":{"line":22,"column":4},"end":{"line":23,"column":null}},"type":"if","locations":[{"start":{"line":22,"column":4},"end":{"line":23,"column":null}},{"start":{},"end":{}}],"line":22},"2":{"loc":{"start":{"line":47,"column":4},"end":{"line":48,"column":null}},"type":"if","locations":[{"start":{"line":47,"column":4},"end":{"line":48,"column":null}},{"start":{},"end":{}}],"line":47},"3":{"loc":{"start":{"line":65,"column":20},"end":{"line":65,"column":53}},"type":"binary-expr","locations":[{"start":{"line":65,"column":20},"end":{"line":65,"column":37}},{"start":{"line":65,"column":37},"end":{"line":65,"column":53}}],"line":65},"4":{"loc":{"start":{"line":71,"column":21},"end":{"line":71,"column":42}},"type":"binary-expr","locations":[{"start":{"line":71,"column":21},"end":{"line":71,"column":38}},{"start":{"line":71,"column":38},"end":{"line":71,"column":42}}],"line":71},"5":{"loc":{"start":{"line":73,"column":4},"end":{"line":75,"column":null}},"type":"if","locations":[{"start":{"line":73,"column":4},"end":{"line":75,"column":null}},{"start":{},"end":{}}],"line":73},"6":{"loc":{"start":{"line":73,"column":8},"end":{"line":73,"column":65}},"type":"binary-expr","locations":[{"start":{"line":73,"column":8},"end":{"line":73,"column":37}},{"start":{"line":73,"column":41},"end":{"line":73,"column":65}}],"line":73},"7":{"loc":{"start":{"line":78,"column":4},"end":{"line":82,"column":null}},"type":"if","locations":[{"start":{"line":78,"column":4},"end":{"line":82,"column":null}},{"start":{},"end":{}}],"line":78},"8":{"loc":{"start":{"line":78,"column":8},"end":{"line":78,"column":63}},"type":"binary-expr","locations":[{"start":{"line":78,"column":8},"end":{"line":78,"column":34}},{"start":{"line":78,"column":38},"end":{"line":78,"column":63}}],"line":78},"9":{"loc":{"start":{"line":85,"column":4},"end":{"line":87,"column":null}},"type":"if","locations":[{"start":{"line":85,"column":4},"end":{"line":87,"column":null}},{"start":{},"end":{}}],"line":85}},"s":{"0":5,"1":5,"2":5,"3":2,"4":3,"5":3,"6":3,"7":3,"8":0,"9":0,"10":8,"11":1,"12":8,"13":8,"14":8,"15":8,"16":8,"17":8,"18":4,"19":4,"20":2,"21":0,"22":2,"23":2,"24":2,"25":1,"26":5,"27":5,"28":5,"29":5,"30":5,"31":0,"32":0,"33":5,"34":5,"35":5,"36":5,"37":0,"38":0,"39":5,"40":3},"f":{"0":5,"1":8,"2":2,"3":5,"4":5},"b":{"0":[2,3],"1":[1,7],"2":[0,2],"3":[5,0],"4":[5,0],"5":[0,5],"6":[5,5],"7":[5,0],"8":[5,0],"9":[0,5]},"meta":{"lastBranch":10,"lastFunction":5,"lastStatement":41,"seen":{"s:4:20:4:Infinity":0,"s:5:24:5:Infinity":1,"f:7:8:7:30":0,"b:8:4:8:Infinity:undefined:undefined:undefined:undefined":0,"s:8:4:8:Infinity":2,"s:8:26:8:Infinity":3,"s:10:4:17:Infinity":4,"s:12:23:12:Infinity":5,"s:13:6:13:Infinity":6,"s:14:6:14:Infinity":7,"s:16:6:16:Infinity":8,"s:17:6:17:Infinity":9,"f:21:8:21:18":1,"b:22:4:23:Infinity:undefined:undefined:undefined:undefined":1,"s:22:4:23:Infinity":10,"s:23:6:23:Infinity":11,"s:26:4:42:Infinity":12,"s:29:6:29:Infinity":13,"s:30:6:30:Infinity":14,"s:32:21:32:56":15,"s:33:6:33:Infinity":16,"s:35:6:35:Infinity":17,"s:37:6:37:Infinity":18,"s:38:6:42:Infinity":19,"f:46:8:46:17":2,"b:47:4:48:Infinity:undefined:undefined:undefined:undefined":2,"s:47:4:48:Infinity":20,"s:48:6:48:Infinity":21,"s:51:4:60:Infinity":22,"s:53:6:53:Infinity":23,"s:54:6:54:Infinity":24,"s:56:6:60:Infinity":25,"f:64:2:64:10":3,"s:65:20:65:53":26,"b:65:20:65:37:65:37:65:53":3,"s:66:4:66:Infinity":27,"f:69:2:69:10":4,"s:70:34:70:36":28,"s:71:10:71:55":29,"b:71:21:71:38:71:38:71:42":4,"b:73:4:75:Infinity:undefined:undefined:undefined:undefined":5,"s:73:4:75:Infinity":30,"b:73:8:73:37:73:41:73:65":6,"s:74:6:74:Infinity":31,"s:75:6:75:Infinity":32,"b:78:4:82:Infinity:undefined:undefined:undefined:undefined":7,"s:78:4:82:Infinity":33,"b:78:8:78:34:78:38:78:63":8,"s:79:6:81:Infinity":34,"s:82:6:82:Infinity":35,"b:85:4:87:Infinity:undefined:undefined:undefined:undefined":9,"s:85:4:87:Infinity":36,"s:86:6:86:Infinity":37,"s:87:6:87:Infinity":38,"s:90:4:90:Infinity":39,"s:95:25:95:40":40}}}
,"/Users/kornfer/Library/CloudStorage/OneDrive-Hilti/projects/poc/openhqm-rm/src/services/routeMatcher.ts": {"path":"/Users/kornfer/Library/CloudStorage/OneDrive-Hilti/projects/poc/openhqm-rm/src/services/routeMatcher.ts","statementMap":{"0":{"start":{"line":6,"column":25},"end":{"line":8,"column":64}},"1":{"start":{"line":7,"column":21},"end":{"line":7,"column":41}},"2":{"start":{"line":8,"column":16},"end":{"line":8,"column":64}},"3":{"start":{"line":10,"column":4},"end":{"line":12,"column":null}},"4":{"start":{"line":11,"column":6},"end":{"line":12,"column":null}},"5":{"start":{"line":12,"column":8},"end":{"line":12,"column":null}},"6":{"start":{"line":16,"column":4},"end":{"line":16,"column":null}},"7":{"start":{"line":21,"column":4},"end":{"line":22,"column":null}},"8":{"start":{"line":22,"column":6},"end":{"line":22,"column":null}},"9":{"start":{"line":26,"column":4},"end":{"line":27,"column":null}},"10":{"start":{"line":27,"column":6},"end":{"line":27,"column":null}},"11":{"start":{"line":31,"column":4},"end":{"line":58,"column":null}},"12":{"start":{"line":32,"column":25},"end":{"line":32,"column":86}},"13":{"start":{"line":35,"column":6},"end":{"line":36,"column":null}},"14":{"start":{"line":36,"column":8},"end":{"line":36,"column":null}},"15":{"start":{"line":40,"column":6},"end":{"line":42,"column":null}},"16":{"start":{"line":41,"column":8},"end":{"line":42,"column":null}},"17":{"start":{"line":42,"column":10},"end":{"line":42,"column":null}},"18":{"start":{"line":47,"column":6},"end":{"line":54,"column":null}},"19":{"start":{"line":48,"column":8},"end":{"line":54,"column":null}},"20":{"start":{"line":49,"column":24},"end":{"line":49,"column":55}},"21":{"start":{"line":50,"column":10},"end":{"line":51,"column":null}},"22":{"start":{"line":51,"column":12},"end":{"line":51,"column":null}},"23":{"start":{"line":54,"column":10},"end":{"line":54,"column":null}},"24":{"start":{"line":58,"column":6},"end":{"line":58,"column":null}},"25":{"start":{"line":62,"column":4},"end":{"line":67,"column":null}},"26":{"start":{"line":63,"column":6},"end":{"line":67,"column":null}},"27":{"start":{"line":64,"column":22},"end":{"line":64,"column":53}},"28":{"start":{"line":65,"column":8},"end":{"line":65,"column":null}},"29":{"start":{"line":67,"column":8},"end":{"line":67,"column":null}},"30":{"start":{"line":71,"column":4},"end":{"line":71,"column":null}},"31":{"start":{"line":75,"column":4},"end":{"line":75,"column":null}},"32":{"start":{"line":75,"column":52},"end":{"line":75,"column":68}},"33":{"start":{"line":80,"column":28},"end":{"line":80,"column":46}}},"fnMap":{"0":{"name":"(anonymous_0)","decl":{"start":{"line":4,"column":8},"end":{"line":4,"column":19}},"loc":{"start":{"line":4,"column":87},"end":{"line":16,"column":null}},"line":4},"1":{"name":"(anonymous_1)","decl":{"start":{"line":7,"column":7},"end":{"line":7,"column":15}},"loc":{"start":{"line":7,"column":21},"end":{"line":7,"column":41}},"line":7},"2":{"name":"(anonymous_2)","decl":{"start":{"line":8,"column":7},"end":{"line":8,"column":13}},"loc":{"start":{"line":8,"column":16},"end":{"line":8,"column":64}},"line":8},"3":{"name":"(anonymous_3)","decl":{"start":{"line":19,"column":2},"end":{"line":19,"column":16}},"loc":{"start":{"line":19,"column":67},"end":{"line":71,"column":null}},"line":19},"4":{"name":"(anonymous_4)","decl":{"start":{"line":74,"column":2},"end":{"line":74,"column":10}},"loc":{"start":{"line":74,"column":54},"end":{"line":75,"column":null}},"line":74},"5":{"name":"(anonymous_5)","decl":{"start":{"line":75,"column":27},"end":{"line":75,"column":35}},"loc":{"start":{"line":75,"column":52},"end":{"line":75,"column":68}},"line":75}},"branchMap":{"0":{"loc":{"start":{"line":8,"column":23},"end":{"line":8,"column":45}},"type":"binary-expr","locations":[{"start":{"line":8,"column":23},"end":{"line":8,"column":37}},{"start":{"line":8,"column":37},"end":{"line":8,"column":45}}],"line":8},"1":{"loc":{"start":{"line":8,"column":45},"end":{"line":8,"column":64}},"type":"binary-expr","locations":[{"start":{"line":8,"column":45},"end":{"line":8,"column":59}},{"start":{"line":8,"column":59},"end":{"line":8,"column":64}}],"line":8},"2":{"loc":{"start":{"line":11,"column":6},"end":{"line":12,"column":null}},"type":"if","locations":[{"start":{"line":11,"column":6},"end":{"line":12,"column":null}},{"start":{},"end":{}}],"line":11},"3":{"loc":{"start":{"line":21,"column":4},"end":{"line":22,"column":null}},"type":"if","locations":[{"start":{"line":21,"column":4},"end":{"line":22,"column":null}},{"start":{},"end":{}}],"line":21},"4":{"loc":{"start":{"line":26,"column":4},"end":{"line":27,"column":null}},"type":"if","locations":[{"start":{"line":26,"column":4},"end":{"line":27,"column":null}},{"start":{},"end":{}}],"line":26},"5":{"loc":{"start":{"line":26,"column":8},"end":{"line":26,"column":74}},"type":"binary-expr","locations":[{"start":{"line":26,"column":8},"end":{"line":26,"column":30}},{"start":{"line":26,"column":30},"end":{"line":26,"column":52}},{"start":{"line":26,"column":52},"end":{"line":26,"column":74}}],"line":26},"6":{"loc":{"start":{"line":31,"column":4},"end":{"line":58,"column":null}},"type":"if","locations":[{"start":{"line":31,"column":4},"end":{"line":58,"column":null}},{"start":{},"end":{}}],"line":31},"7":{"loc":{"start":{"line":35,"column":6},"end":{"line":36,"column":null}},"type":"if","locations":[{"start":{"line":35,"column":6},"end":{"line":36,"column":null}},{"start":{},"end":{}}],"line":35},"8":{"loc":{"start":{"line":35,"column":10},"end":{"line":35,"column":67}},"type":"binary-expr","locations":[{"start":{"line":35,"column":10},"end":{"line":35,"column":45}},{"start":{"line":35,"column":45},"end":{"line":35,"column":67}}],"line":35},"9":{"loc":{"start":{"line":36,"column":15},"end":{"line":36,"column":null}},"type":"binary-expr","locations":[{"start":{"line":36,"column":15},"end":{"line":36,"column":43}},{"start":{"line":36,"column":43},"end":{"line":36,"column":null}}],"line":36},"10":{"loc":{"start":{"line":40,"column":6},"end":{"line":42,"column":null}},"type":"if","locations":[{"start":{"line":40,"column":6},"end":{"line":42,"column":null}},{"start":{},"end":{}}],"line":40},"11":{"loc":{"start":{"line":41,"column":8},"end":{"line":42,"column":null}},"type":"if","locations":[{"start":{"line":41,"column":8},"end":{"line":42,"column":null}},{"start":{},"end":{}}],"line":41},"12":{"loc":{"start":{"line":47,"column":6},"end":{"line":54,"column":null}},"type":"if","locations":[{"start":{"line":47,"column":6},"end":{"line":54,"column":null}},{"start":{},"end":{}}],"line":47},"13":{"loc":{"start":{"line":50,"column":10},"end":{"line":51,"column":null}},"type":"if","locations":[{"start":{"line":50,"column":10},"end":{"line":51,"column":null}},{"start":{},"end":{}}],"line":50},"14":{"loc":{"start":{"line":50,"column":33},"end":{"line":50,"column":50}},"type":"binary-expr","locations":[{"start":{"line":50,"column":33},"end":{"line":50,"column":47}},{"start":{"line":50,"column":47},"end":{"line":50,"column":50}}],"line":50},"15":{"loc":{"start":{"line":62,"column":4},"end":{"line":67,"column":null}},"type":"if","locations":[{"start":{"line":62,"column":4},"end":{"line":67,"column":null}},{"start":{},"end":{}}],"line":62}},"s":{"0":28,"1":13,"2":4,"3":28,"4":9,"5":7,"6":21,"7":20,"8":1,"9":19,"10":8,"11":11,"12":10,"13":10,"14":1,"15":9,"16":6,"17":3,"18":6,"19":4,"20":4,"21":4,"22":1,"23":1,"24":4,"25":1,"26":1,"27":1,"28":1,"29":0,"30":0,"31":10,"32":21,"33":3},"f":{"0":28,"1":13,"2":4,"3":20,"4":10,"5":21},"b":{"0":[4,1],"1":[4,0],"2":[7,2],"3":[1,19],"4":[8,11],"5":[19,9,9],"6":[10,1],"7":[1,9],"8":[10,4],"9":[1,0],"10":[6,3],"11":[3,3],"12":[4,2],"13":[1,3],"14":[4,0],"15":[1,0]},"meta":{"lastBranch":16,"lastFunction":6,"lastStatement":34,"seen":{"f:4:8:4:19":0,"s:6:25:8:64":0,"f:7:7:7:15":1,"s:7:21:7:41":1,"f:8:7:8:13":2,"s:8:16:8:64":2,"b:8:23:8:37:8:37:8:45":0,"b:8:45:8:59:8:59:8:64":1,"s:10:4:12:Infinity":3,"b:11:6:12:Infinity:undefined:undefined:undefined:undefined":2,"s:11:6:12:Infinity":4,"s:12:8:12:Infinity":5,"s:16:4:16:Infinity":6,"f:19:2:19:16":3,"b:21:4:22:Infinity:undefined:undefined:undefined:undefined":3,"s:21:4:22:Infinity":7,"s:22:6:22:Infinity":8,"b:26:4:27:Infinity:undefined:undefined:undefined:undefined":4,"s:26:4:27:Infinity":9,"b:26:8:26:30:26:30:26:52:26:52:26:74":5,"s:27:6:27:Infinity":10,"b:31:4:58:Infinity:undefined:undefined:undefined:undefined":6,"s:31:4:58:Infinity":11,"s:32:25:32:86":12,"b:35:6:36:Infinity:undefined:undefined:undefined:undefined":7,"s:35:6:36:Infinity":13,"b:35:10:35:45:35:45:35:67":8,"s:36:8:36:Infinity":14,"b:36:15:36:43:36:43:36:Infinity":9,"b:40:6:42:Infinity:undefined:undefined:undefined:undefined":10,"s:40:6:42:Infinity":15,"b:41:8:42:Infinity:undefined:undefined:undefined:undefined":11,"s:41:8:42:Infinity":16,"s:42:10:42:Infinity":17,"b:47:6:54:Infinity:undefined:undefined:undefined:undefined":12,"s:47:6:54:Infinity":18,"s:48:8:54:Infinity":19,"s:49:24:49:55":20,"b:50:10:51:Infinity:undefined:undefined:undefined:undefined":13,"s:50:10:51:Infinity":21,"b:50:33:50:47:50:47:50:50":14,"s:51:12:51:Infinity":22,"s:54:10:54:Infinity":23,"s:58:6:58:Infinity":24,"b:62:4:67:Infinity:undefined:undefined:undefined:undefined":15,"s:62:4:67:Infinity":25,"s:63:6:67:Infinity":26,"s:64:22:64:53":27,"s:65:8:65:Infinity":28,"s:67:8:67:Infinity":29,"s:71:4:71:Infinity":30,"f:74:2:74:10":4,"s:75:4:75:Infinity":31,"f:75:27:75:35":5,"s:75:52:75:68":32,"s:80:28:80:46":33}}}
,"/Users/kornfer/Library/CloudStorage/OneDrive-Hilti/projects/poc/openhqm-rm/src/services/storage.ts": {"path":"/Users/kornfer/Library/CloudStorage/OneDrive-Hilti/projects/poc/openhqm-rm/src/services/storage.ts","statementMap":{"0":{"start":{"line":6,"column":32},"end":{"line":6,"column":null}},"1":{"start":{"line":9,"column":4},"end":{"line":13,"column":null}},"2":{"start":{"line":10,"column":6},"end":{"line":10,"column":null}},"3":{"start":{"line":12,"column":6},"end":{"line":12,"column":null}},"4":{"start":{"line":13,"column":6},"end":{"line":13,"column":null}},"5":{"start":{"line":18,"column":4},"end":{"line":23,"column":null}},"6":{"start":{"line":19,"column":19},"end":{"line":19,"column":56}},"7":{"start":{"line":20,"column":6},"end":{"line":20,"column":null}},"8":{"start":{"line":22,"column":6},"end":{"line":22,"column":null}},"9":{"start":{"line":23,"column":6},"end":{"line":23,"column":null}},"10":{"start":{"line":28,"column":4},"end":{"line":28,"column":null}},"11":{"start":{"line":32,"column":41},"end":{"line":37,"column":null}},"12":{"start":{"line":39,"column":22},"end":{"line":59,"column":null}},"13":{"start":{"line":61,"column":4},"end":{"line":61,"column":null}},"14":{"start":{"line":65,"column":41},"end":{"line":70,"column":null}},"15":{"start":{"line":72,"column":22},"end":{"line":92,"column":null}},"16":{"start":{"line":94,"column":4},"end":{"line":94,"column":null}},"17":{"start":{"line":98,"column":17},"end":{"line":98,"column":56}},"18":{"start":{"line":99,"column":16},"end":{"line":99,"column":41}},"19":{"start":{"line":100,"column":14},"end":{"line":100,"column":41}},"20":{"start":{"line":101,"column":4},"end":{"line":101,"column":null}},"21":{"start":{"line":102,"column":4},"end":{"line":102,"column":null}},"22":{"start":{"line":103,"column":4},"end":{"line":103,"column":null}},"23":{"start":{"line":104,"column":4},"end":{"line":104,"column":null}},"24":{"start":{"line":105,"column":4},"end":{"line":105,"column":null}},"25":{"start":{"line":106,"column":4},"end":{"line":106,"column":null}},"26":{"start":{"line":110,"column":4},"end":{"line":140,"column":null}},"27":{"start":{"line":111,"column":26},"end":{"line":111,"column":48}},"28":{"start":{"line":114,"column":6},"end":{"line":115,"column":null}},"29":{"start":{"line":115,"column":8},"end":{"line":115,"column":null}},"30":{"start":{"line":119,"column":6},"end":{"line":120,"column":null}},"31":{"start":{"line":120,"column":8},"end":{"line":120,"column":null}},"32":{"start":{"line":124,"column":6},"end":{"line":133,"column":null}},"33":{"start":{"line":126,"column":8},"end":{"line":128,"column":null}},"34":{"start":{"line":127,"column":32},"end":{"line":127,"column":70}},"35":{"start":{"line":128,"column":10},"end":{"line":128,"column":null}},"36":{"start":{"line":131,"column":8},"end":{"line":133,"column":null}},"37":{"start":{"line":132,"column":32},"end":{"line":132,"column":69}},"38":{"start":{"line":133,"column":10},"end":{"line":133,"column":null}},"39":{"start":{"line":137,"column":6},"end":{"line":137,"column":null}},"40":{"start":{"line":139,"column":6},"end":{"line":139,"column":null}},"41":{"start":{"line":140,"column":6},"end":{"line":140,"column":null}},"42":{"start":{"line":146,"column":30},"end":{"line":146,"column":50}}},"fnMap":{"0":{"name":"(anonymous_0)","decl":{"start":{"line":8,"column":2},"end":{"line":8,"column":13}},"loc":{"start":{"line":8,"column":36},"end":{"line":13,"column":null}},"line":8},"1":{"name":"(anonymous_1)","decl":{"start":{"line":17,"column":2},"end":{"line":17,"column":24}},"loc":{"start":{"line":17,"column":24},"end":{"line":23,"column":null}},"line":17},"2":{"name":"(anonymous_2)","decl":{"start":{"line":27,"column":2},"end":{"line":27,"column":22}},"loc":{"start":{"line":27,"column":22},"end":{"line":28,"column":null}},"line":27},"3":{"name":"(anonymous_3)","decl":{"start":{"line":31,"column":2},"end":{"line":31,"column":15}},"loc":{"start":{"line":31,"column":40},"end":{"line":61,"column":null}},"line":31},"4":{"name":"(anonymous_4)","decl":{"start":{"line":64,"column":2},"end":{"line":64,"column":15}},"loc":{"start":{"line":64,"column":40},"end":{"line":94,"column":null}},"line":64},"5":{"name":"(anonymous_5)","decl":{"start":{"line":97,"column":2},"end":{"line":97,"column":15}},"loc":{"start":{"line":97,"column":88},"end":{"line":106,"column":null}},"line":97},"6":{"name":"(anonymous_6)","decl":{"start":{"line":109,"column":2},"end":{"line":109,"column":17}},"loc":{"start":{"line":109,"column":47},"end":{"line":140,"column":null}},"line":109}},"branchMap":{"0":{"loc":{"start":{"line":20,"column":13},"end":{"line":20,"column":41}},"type":"cond-expr","locations":[{"start":{"line":20,"column":20},"end":{"line":20,"column":36}},{"start":{"line":20,"column":39},"end":{"line":20,"column":41}}],"line":20},"1":{"loc":{"start":{"line":50,"column":12},"end":{"line":53,"column":null}},"type":"binary-expr","locations":[{"start":{"line":50,"column":12},"end":{"line":50,"column":48}},{"start":{"line":50,"column":48},"end":{"line":53,"column":null}}],"line":50},"2":{"loc":{"start":{"line":83,"column":12},"end":{"line":86,"column":null}},"type":"binary-expr","locations":[{"start":{"line":83,"column":12},"end":{"line":83,"column":48}},{"start":{"line":83,"column":48},"end":{"line":86,"column":null}}],"line":83},"3":{"loc":{"start":{"line":97,"column":50},"end":{"line":97,"column":88}},"type":"default-arg","locations":[{"start":{"line":97,"column":69},"end":{"line":97,"column":88}}],"line":97},"4":{"loc":{"start":{"line":114,"column":6},"end":{"line":115,"column":null}},"type":"if","locations":[{"start":{"line":114,"column":6},"end":{"line":115,"column":null}},{"start":{},"end":{}}],"line":114},"5":{"loc":{"start":{"line":119,"column":6},"end":{"line":120,"column":null}},"type":"if","locations":[{"start":{"line":119,"column":6},"end":{"line":120,"column":null}},{"start":{},"end":{}}],"line":119},"6":{"loc":{"start":{"line":119,"column":10},"end":{"line":119,"column":55}},"type":"binary-expr","locations":[{"start":{"line":119,"column":10},"end":{"line":119,"column":27}},{"start":{"line":119,"column":27},"end":{"line":119,"column":55}}],"line":119},"7":{"loc":{"start":{"line":124,"column":6},"end":{"line":133,"column":null}},"type":"if","locations":[{"start":{"line":124,"column":6},"end":{"line":133,"column":null}},{"start":{},"end":{}}],"line":124},"8":{"loc":{"start":{"line":126,"column":8},"end":{"line":128,"column":null}},"type":"if","locations":[{"start":{"line":126,"column":8},"end":{"line":128,"column":null}},{"start":{},"end":{}}],"line":126},"9":{"loc":{"start":{"line":131,"column":8},"end":{"line":133,"column":null}},"type":"if","locations":[{"start":{"line":131,"column":8},"end":{"line":133,"column":null}},{"start":{},"end":{}}],"line":131}},"s":{"0":16,"1":24,"2":24,"3":1,"4":1,"5":5,"6":5,"7":5,"8":1,"9":1,"10":1,"11":2,"12":2,"13":2,"14":2,"15":2,"16":2,"17":0,"18":0,"19":0,"20":0,"21":0,"22":0,"23":0,"24":0,"25":0,"26":3,"27":3,"28":3,"29":0,"30":3,"31":0,"32":3,"33":2,"34":0,"35":0,"36":2,"37":1,"38":1,"39":2,"40":2,"41":2,"42":3},"f":{"0":24,"1":5,"2":1,"3":2,"4":2,"5":0,"6":3},"b":{"0":[3,2],"1":[2,2],"2":[2,2],"3":[0],"4":[0,3],"5":[0,3],"6":[3,0],"7":[2,1],"8":[0,2],"9":[1,1]},"meta":{"lastBranch":10,"lastFunction":7,"lastStatement":43,"seen":{"s:6:32:6:Infinity":0,"f:8:2:8:13":0,"s:9:4:13:Infinity":1,"s:10:6:10:Infinity":2,"s:12:6:12:Infinity":3,"s:13:6:13:Infinity":4,"f:17:2:17:24":1,"s:18:4:23:Infinity":5,"s:19:19:19:56":6,"s:20:6:20:Infinity":7,"b:20:20:20:36:20:39:20:41":0,"s:22:6:22:Infinity":8,"s:23:6:23:Infinity":9,"f:27:2:27:22":2,"s:28:4:28:Infinity":10,"f:31:2:31:15":3,"s:32:41:37:Infinity":11,"s:39:22:59:Infinity":12,"b:50:12:50:48:50:48:53:Infinity":1,"s:61:4:61:Infinity":13,"f:64:2:64:15":4,"s:65:41:70:Infinity":14,"s:72:22:92:Infinity":15,"b:83:12:83:48:83:48:86:Infinity":2,"s:94:4:94:Infinity":16,"f:97:2:97:15":5,"b:97:69:97:88":3,"s:98:17:98:56":17,"s:99:16:99:41":18,"s:100:14:100:41":19,"s:101:4:101:Infinity":20,"s:102:4:102:Infinity":21,"s:103:4:103:Infinity":22,"s:104:4:104:Infinity":23,"s:105:4:105:Infinity":24,"s:106:4:106:Infinity":25,"f:109:2:109:17":6,"s:110:4:140:Infinity":26,"s:111:26:111:48":27,"b:114:6:115:Infinity:undefined:undefined:undefined:undefined":4,"s:114:6:115:Infinity":28,"s:115:8:115:Infinity":29,"b:119:6:120:Infinity:undefined:undefined:undefined:undefined":5,"s:119:6:120:Infinity":30,"b:119:10:119:27:119:27:119:55":6,"s:120:8:120:Infinity":31,"b:124:6:133:Infinity:undefined:undefined:undefined:undefined":7,"s:124:6:133:Infinity":32,"b:126:8:128:Infinity:undefined:undefined:undefined:undefined":8,"s:126:8:128:Infinity":33,"s:127:32:127:70":34,"s:128:10:128:Infinity":35,"b:131:8:133:Infinity:undefined:undefined:undefined:undefined":9,"s:131:8:133:Infinity":36,"s:132:32:132:69":37,"s:133:10:133:Infinity":38,"s:137:6:137:Infinity":39,"s:139:6:139:Infinity":40,"s:140:6:140:Infinity":41,"s:146:30:146:50":42}}}
,"/Users/kornfer/Library/CloudStorage/OneDrive-Hilti/projects/poc/openhqm-rm/src/store/routeStore.ts": {"path":"/Users/kornfer/Library/CloudStorage/OneDrive-Hilti/projects/poc/openhqm-rm/src/store/routeStore.ts","statementMap":{"0":{"start":{"line":23,"column":13},"end":{"line":104,"column":3}},"1":{"start":{"line":23,"column":63},"end":{"line":104,"column":3}},"2":{"start":{"line":30,"column":4},"end":{"line":35,"column":null}},"3":{"start":{"line":31,"column":6},"end":{"line":31,"column":null}},"4":{"start":{"line":32,"column":21},"end":{"line":32,"column":48}},"5":{"start":{"line":33,"column":6},"end":{"line":33,"column":null}},"6":{"start":{"line":35,"column":6},"end":{"line":35,"column":null}},"7":{"start":{"line":40,"column":4},"end":{"line":44,"column":null}},"8":{"start":{"line":41,"column":6},"end":{"line":41,"column":null}},"9":{"start":{"line":42,"column":6},"end":{"line":42,"column":null}},"10":{"start":{"line":44,"column":6},"end":{"line":44,"column":null}},"11":{"start":{"line":49,"column":4},"end":{"line":49,"column":null}},"12":{"start":{"line":53,"column":19},"end":{"line":53,"column":43}},"13":{"start":{"line":54,"column":4},"end":{"line":54,"column":null}},"14":{"start":{"line":55,"column":4},"end":{"line":55,"column":null}},"15":{"start":{"line":59,"column":19},"end":{"line":60,"column":null}},"16":{"start":{"line":60,"column":6},"end":{"line":60,"column":null}},"17":{"start":{"line":62,"column":4},"end":{"line":62,"column":null}},"18":{"start":{"line":65,"column":26},"end":{"line":65,"column":null}},"19":{"start":{"line":66,"column":4},"end":{"line":67,"column":null}},"20":{"start":{"line":67,"column":6},"end":{"line":67,"column":null}},"21":{"start":{"line":72,"column":19},"end":{"line":72,"column":70}},"22":{"start":{"line":72,"column":50},"end":{"line":72,"column":70}},"23":{"start":{"line":73,"column":4},"end":{"line":73,"column":null}},"24":{"start":{"line":76,"column":4},"end":{"line":77,"column":null}},"25":{"start":{"line":77,"column":6},"end":{"line":77,"column":null}},"26":{"start":{"line":82,"column":18},"end":{"line":82,"column":59}},"27":{"start":{"line":82,"column":43},"end":{"line":82,"column":59}},"28":{"start":{"line":83,"column":4},"end":{"line":83,"column":null}},"29":{"start":{"line":83,"column":16},"end":{"line":83,"column":null}},"30":{"start":{"line":85,"column":28},"end":{"line":88,"column":null}},"31":{"start":{"line":90,"column":19},"end":{"line":90,"column":46}},"32":{"start":{"line":91,"column":4},"end":{"line":91,"column":null}},"33":{"start":{"line":95,"column":19},"end":{"line":95,"column":43}},"34":{"start":{"line":96,"column":22},"end":{"line":96,"column":50}},"35":{"start":{"line":97,"column":4},"end":{"line":97,"column":null}},"36":{"start":{"line":98,"column":4},"end":{"line":98,"column":null}},"37":{"start":{"line":102,"column":4},"end":{"line":102,"column":null}}},"fnMap":{"0":{"name":"(anonymous_0)","decl":{"start":{"line":23,"column":29},"end":{"line":23,"column":49}},"loc":{"start":{"line":23,"column":63},"end":{"line":104,"column":3}},"line":23},"1":{"name":"(anonymous_1)","decl":{"start":{"line":29,"column":2},"end":{"line":29,"column":20}},"loc":{"start":{"line":29,"column":20},"end":{"line":35,"column":null}},"line":29},"2":{"name":"(anonymous_2)","decl":{"start":{"line":39,"column":2},"end":{"line":39,"column":14}},"loc":{"start":{"line":39,"column":25},"end":{"line":44,"column":null}},"line":39},"3":{"name":"(anonymous_3)","decl":{"start":{"line":48,"column":2},"end":{"line":48,"column":16}},"loc":{"start":{"line":48,"column":26},"end":{"line":49,"column":null}},"line":48},"4":{"name":"(anonymous_4)","decl":{"start":{"line":52,"column":2},"end":{"line":52,"column":13}},"loc":{"start":{"line":52,"column":23},"end":{"line":55,"column":null}},"line":52},"5":{"name":"(anonymous_5)","decl":{"start":{"line":58,"column":2},"end":{"line":58,"column":16}},"loc":{"start":{"line":58,"column":34},"end":{"line":67,"column":null}},"line":58},"6":{"name":"(anonymous_6)","decl":{"start":{"line":59,"column":32},"end":{"line":59,"column":37}},"loc":{"start":{"line":60,"column":6},"end":{"line":60,"column":null}},"line":60},"7":{"name":"(anonymous_7)","decl":{"start":{"line":71,"column":2},"end":{"line":71,"column":16}},"loc":{"start":{"line":71,"column":25},"end":{"line":77,"column":null}},"line":71},"8":{"name":"(anonymous_8)","decl":{"start":{"line":72,"column":32},"end":{"line":72,"column":40}},"loc":{"start":{"line":72,"column":50},"end":{"line":72,"column":70}},"line":72},"9":{"name":"(anonymous_9)","decl":{"start":{"line":81,"column":2},"end":{"line":81,"column":19}},"loc":{"start":{"line":81,"column":28},"end":{"line":91,"column":null}},"line":81},"10":{"name":"(anonymous_10)","decl":{"start":{"line":82,"column":31},"end":{"line":82,"column":37}},"loc":{"start":{"line":82,"column":43},"end":{"line":82,"column":59}},"line":82},"11":{"name":"(anonymous_11)","decl":{"start":{"line":94,"column":2},"end":{"line":94,"column":18}},"loc":{"start":{"line":94,"column":43},"end":{"line":98,"column":null}},"line":94},"12":{"name":"(anonymous_12)","decl":{"start":{"line":101,"column":2},"end":{"line":101,"column":20}},"loc":{"start":{"line":101,"column":20},"end":{"line":102,"column":null}},"line":101}},"branchMap":{"0":{"loc":{"start":{"line":60,"column":6},"end":{"line":60,"column":null}},"type":"cond-expr","locations":[{"start":{"line":60,"column":28},"end":{"line":60,"column":55}},{"start":{"line":60,"column":55},"end":{"line":60,"column":null}}],"line":60},"1":{"loc":{"start":{"line":66,"column":4},"end":{"line":67,"column":null}},"type":"if","locations":[{"start":{"line":66,"column":4},"end":{"line":67,"column":null}},{"start":{},"end":{}}],"line":66},"2":{"loc":{"start":{"line":76,"column":4},"end":{"line":77,"column":null}},"type":"if","locations":[{"start":{"line":76,"column":4},"end":{"line":77,"column":null}},{"start":{},"end":{}}],"line":76},"3":{"loc":{"start":{"line":83,"column":4},"end":{"line":83,"column":null}},"type":"if","locations":[{"start":{"line":83,"column":4},"end":{"line":83,"column":null}},{"start":{},"end":{}}],"line":83}},"s":{"0":1,"1":1,"2":2,"3":2,"4":2,"5":2,"6":0,"7":20,"8":20,"9":20,"10":1,"11":5,"12":2,"13":2,"14":2,"15":3,"16":4,"17":3,"18":3,"19":3,"20":1,"21":2,"22":2,"23":2,"24":2,"25":1,"26":2,"27":2,"28":2,"29":0,"30":2,"31":2,"32":2,"33":1,"34":1,"35":1,"36":1,"37":1},"f":{"0":1,"1":2,"2":20,"3":5,"4":2,"5":3,"6":4,"7":2,"8":2,"9":2,"10":2,"11":1,"12":1},"b":{"0":[3,1],"1":[1,2],"2":[1,1],"3":[0,2]},"meta":{"lastBranch":4,"lastFunction":13,"lastStatement":38,"seen":{"s:23:13:104:3":0,"f:23:29:23:49":0,"s:23:63:104:3":1,"f:29:2:29:20":1,"s:30:4:35:Infinity":2,"s:31:6:31:Infinity":3,"s:32:21:32:48":4,"s:33:6:33:Infinity":5,"s:35:6:35:Infinity":6,"f:39:2:39:14":2,"s:40:4:44:Infinity":7,"s:41:6:41:Infinity":8,"s:42:6:42:Infinity":9,"s:44:6:44:Infinity":10,"f:48:2:48:16":3,"s:49:4:49:Infinity":11,"f:52:2:52:13":4,"s:53:19:53:43":12,"s:54:4:54:Infinity":13,"s:55:4:55:Infinity":14,"f:58:2:58:16":5,"s:59:19:60:Infinity":15,"f:59:32:59:37":6,"s:60:6:60:Infinity":16,"b:60:28:60:55:60:55:60:Infinity":0,"s:62:4:62:Infinity":17,"s:65:26:65:Infinity":18,"b:66:4:67:Infinity:undefined:undefined:undefined:undefined":1,"s:66:4:67:Infinity":19,"s:67:6:67:Infinity":20,"f:71:2:71:16":7,"s:72:19:72:70":21,"f:72:32:72:40":8,"s:72:50:72:70":22,"s:73:4:73:Infinity":23,"b:76:4:77:Infinity:undefined:undefined:undefined:undefined":2,"s:76:4:77:Infinity":24,"s:77:6:77:Infinity":25,"f:81:2:81:19":9,"s:82:18:82:59":26,"f:82:31:82:37":10,"s:82:43:82:59":27,"b:83:4:83:Infinity:undefined:undefined:undefined:undefined":3,"s:83:4:83:Infinity":28,"s:83:16:83:Infinity":29,"s:85:28:88:Infinity":30,"s:90:19:90:46":31,"s:91:4:91:Infinity":32,"f:94:2:94:18":11,"s:95:19:95:43":33,"s:96:22:96:50":34,"s:97:4:97:Infinity":35,"s:98:4:98:Infinity":36,"f:101:2:101:20":12,"s:102:4:102:Infinity":37}}}
,"/Users/kornfer/Library/CloudStorage/OneDrive-Hilti/projects/poc/openhqm-rm/src/store/simulationStore.ts": {"path":"/Users/kornfer/Library/CloudStorage/OneDrive-Hilti/projects/poc/openhqm-rm/src/store/simulationStore.ts","statementMap":{"0":{"start":{"line":17,"column":13},"end":{"line":139,"column":3}},"1":{"start":{"line":17,"column":73},"end":{"line":139,"column":3}},"2":{"start":{"line":23,"column":4},"end":{"line":23,"column":null}},"3":{"start":{"line":25,"column":42},"end":{"line":38,"column":null}},"4":{"start":{"line":40,"column":22},"end":{"line":40,"column":39}},"5":{"start":{"line":42,"column":4},"end":{"line":125,"column":null}},"6":{"start":{"line":44,"column":25},"end":{"line":44,"column":42}},"7":{"start":{"line":45,"column":27},"end":{"line":45,"column":76}},"8":{"start":{"line":46,"column":28},"end":{"line":46,"column":null}},"9":{"start":{"line":48,"column":6},"end":{"line":58,"column":null}},"10":{"start":{"line":60,"column":6},"end":{"line":60,"column":null}},"11":{"start":{"line":62,"column":6},"end":{"line":104,"column":null}},"12":{"start":{"line":63,"column":8},"end":{"line":63,"column":null}},"13":{"start":{"line":64,"column":8},"end":{"line":64,"column":null}},"14":{"start":{"line":67,"column":8},"end":{"line":96,"column":null}},"15":{"start":{"line":68,"column":33},"end":{"line":68,"column":50}},"16":{"start":{"line":69,"column":34},"end":{"line":71,"column":null}},"17":{"start":{"line":73,"column":36},"end":{"line":73,"column":null}},"18":{"start":{"line":75,"column":10},"end":{"line":84,"column":null}},"19":{"start":{"line":86,"column":10},"end":{"line":86,"column":null}},"20":{"start":{"line":88,"column":10},"end":{"line":96,"column":null}},"21":{"start":{"line":89,"column":12},"end":{"line":89,"column":null}},"22":{"start":{"line":91,"column":12},"end":{"line":96,"column":null}},"23":{"start":{"line":100,"column":8},"end":{"line":104,"column":null}},"24":{"start":{"line":107,"column":28},"end":{"line":107,"column":null}},"25":{"start":{"line":108,"column":6},"end":{"line":108,"column":null}},"26":{"start":{"line":110,"column":6},"end":{"line":114,"column":null}},"27":{"start":{"line":116,"column":6},"end":{"line":120,"column":null}},"28":{"start":{"line":122,"column":6},"end":{"line":125,"column":null}},"29":{"start":{"line":130,"column":4},"end":{"line":130,"column":null}},"30":{"start":{"line":134,"column":23},"end":{"line":134,"column":65}},"31":{"start":{"line":134,"column":53},"end":{"line":134,"column":65}},"32":{"start":{"line":135,"column":4},"end":{"line":136,"column":null}},"33":{"start":{"line":136,"column":6},"end":{"line":136,"column":null}}},"fnMap":{"0":{"name":"(anonymous_0)","decl":{"start":{"line":17,"column":34},"end":{"line":17,"column":59}},"loc":{"start":{"line":17,"column":73},"end":{"line":139,"column":3}},"line":17},"1":{"name":"(anonymous_1)","decl":{"start":{"line":22,"column":19},"end":{"line":22,"column":26}},"loc":{"start":{"line":22,"column":44},"end":{"line":125,"column":null}},"line":22},"2":{"name":"(anonymous_2)","decl":{"start":{"line":129,"column":2},"end":{"line":129,"column":26}},"loc":{"start":{"line":129,"column":26},"end":{"line":130,"column":null}},"line":129},"3":{"name":"(anonymous_3)","decl":{"start":{"line":133,"column":2},"end":{"line":133,"column":21}},"loc":{"start":{"line":133,"column":28},"end":{"line":136,"column":null}},"line":133},"4":{"name":"(anonymous_4)","decl":{"start":{"line":134,"column":41},"end":{"line":134,"column":47}},"loc":{"start":{"line":134,"column":53},"end":{"line":134,"column":65}},"line":134}},"branchMap":{"0":{"loc":{"start":{"line":51,"column":21},"end":{"line":53,"column":null}},"type":"cond-expr","locations":[{"start":{"line":52,"column":12},"end":{"line":52,"column":null}},{"start":{"line":53,"column":12},"end":{"line":53,"column":null}}],"line":51},"1":{"loc":{"start":{"line":62,"column":6},"end":{"line":104,"column":null}},"type":"if","locations":[{"start":{"line":62,"column":6},"end":{"line":104,"column":null}},{"start":{"line":99,"column":13},"end":{"line":104,"column":null}}],"line":62},"2":{"loc":{"start":{"line":67,"column":8},"end":{"line":96,"column":null}},"type":"if","locations":[{"start":{"line":67,"column":8},"end":{"line":96,"column":null}},{"start":{},"end":{}}],"line":67},"3":{"loc":{"start":{"line":67,"column":12},"end":{"line":67,"column":90}},"type":"binary-expr","locations":[{"start":{"line":67,"column":12},"end":{"line":67,"column":43}},{"start":{"line":67,"column":43},"end":{"line":67,"column":90}}],"line":67},"4":{"loc":{"start":{"line":70,"column":12},"end":{"line":70,"column":null}},"type":"binary-expr","locations":[{"start":{"line":70,"column":12},"end":{"line":70,"column":38}},{"start":{"line":70,"column":38},"end":{"line":70,"column":null}}],"line":70},"5":{"loc":{"start":{"line":88,"column":10},"end":{"line":96,"column":null}},"type":"if","locations":[{"start":{"line":88,"column":10},"end":{"line":96,"column":null}},{"start":{"line":90,"column":17},"end":{"line":96,"column":null}}],"line":88},"6":{"loc":{"start":{"line":93,"column":23},"end":{"line":93,"column":null}},"type":"binary-expr","locations":[{"start":{"line":93,"column":23},"end":{"line":93,"column":48}},{"start":{"line":93,"column":48},"end":{"line":93,"column":null}}],"line":93},"7":{"loc":{"start":{"line":118,"column":17},"end":{"line":118,"column":null}},"type":"binary-expr","locations":[{"start":{"line":118,"column":17},"end":{"line":118,"column":34}},{"start":{"line":118,"column":34},"end":{"line":118,"column":null}}],"line":118},"8":{"loc":{"start":{"line":135,"column":4},"end":{"line":136,"column":null}},"type":"if","locations":[{"start":{"line":135,"column":4},"end":{"line":136,"column":null}},{"start":{},"end":{}}],"line":135}},"s":{"0":1,"1":1,"2":23,"3":23,"4":23,"5":23,"6":23,"7":23,"8":23,"9":23,"10":23,"11":23,"12":3,"13":3,"14":3,"15":2,"16":2,"17":2,"18":2,"19":2,"20":2,"21":2,"22":0,"23":20,"24":23,"25":23,"26":23,"27":0,"28":0,"29":1,"30":2,"31":1,"32":2,"33":1},"f":{"0":1,"1":23,"2":1,"3":2,"4":1},"b":{"0":[3,20],"1":[3,20],"2":[2,1],"3":[3,2],"4":[2,0],"5":[2,0],"6":[0,0],"7":[0,0],"8":[1,1]},"meta":{"lastBranch":9,"lastFunction":5,"lastStatement":34,"seen":{"s:17:13:139:3":0,"f:17:34:17:59":0,"s:17:73:139:3":1,"f:22:19:22:26":1,"s:23:4:23:Infinity":2,"s:25:42:38:Infinity":3,"s:40:22:40:39":4,"s:42:4:125:Infinity":5,"s:44:25:44:42":6,"s:45:27:45:76":7,"s:46:28:46:Infinity":8,"s:48:6:58:Infinity":9,"b:52:12:52:Infinity:53:12:53:Infinity":0,"s:60:6:60:Infinity":10,"b:62:6:104:Infinity:99:13:104:Infinity":1,"s:62:6:104:Infinity":11,"s:63:8:63:Infinity":12,"s:64:8:64:Infinity":13,"b:67:8:96:Infinity:undefined:undefined:undefined:undefined":2,"s:67:8:96:Infinity":14,"b:67:12:67:43:67:43:67:90":3,"s:68:33:68:50":15,"s:69:34:71:Infinity":16,"b:70:12:70:38:70:38:70:Infinity":4,"s:73:36:73:Infinity":17,"s:75:10:84:Infinity":18,"s:86:10:86:Infinity":19,"b:88:10:96:Infinity:90:17:96:Infinity":5,"s:88:10:96:Infinity":20,"s:89:12:89:Infinity":21,"s:91:12:96:Infinity":22,"b:93:23:93:48:93:48:93:Infinity":6,"s:100:8:104:Infinity":23,"s:107:28:107:Infinity":24,"s:108:6:108:Infinity":25,"s:110:6:114:Infinity":26,"s:116:6:120:Infinity":27,"b:118:17:118:34:118:34:118:Infinity":7,"s:122:6:125:Infinity":28,"f:129:2:129:26":2,"s:130:4:130:Infinity":29,"f:133:2:133:21":3,"s:134:23:134:65":30,"f:134:41:134:47":4,"s:134:53:134:65":31,"b:135:4:136:Infinity:undefined:undefined:undefined:undefined":8,"s:135:4:136:Infinity":32,"s:136:6:136:Infinity":33}}}
}
