TN:
SF:src/config/settings.ts
FNF:0
FNH:0
DA:1,3
LF:1
LH:1
BRF:0
BRH:0
end_of_record
TN:
SF:src/services/jqEngine.ts
FN:7,(anonymous_0)
FN:21,(anonymous_1)
FN:46,(anonymous_2)
FN:64,(anonymous_3)
FN:69,(anonymous_4)
FNF:5
FNH:5
FNDA:5,(anonymous_0)
FNDA:8,(anonymous_1)
FNDA:2,(anonymous_2)
FNDA:5,(anonymous_3)
FNDA:5,(anonymous_4)
DA:4,5
DA:5,5
DA:8,5
DA:10,3
DA:12,3
DA:13,3
DA:14,3
DA:16,0
DA:17,0
DA:22,8
DA:23,1
DA:26,8
DA:29,8
DA:30,8
DA:32,8
DA:33,8
DA:35,8
DA:37,4
DA:38,4
DA:47,2
DA:48,0
DA:51,2
DA:53,2
DA:54,2
DA:56,1
DA:65,5
DA:66,5
DA:70,5
DA:71,5
DA:73,5
DA:74,0
DA:75,0
DA:78,5
DA:79,5
DA:82,5
DA:85,5
DA:86,0
DA:87,0
DA:90,5
DA:95,3
LF:40
LH:33
BRDA:8,0,0,2
BRDA:8,0,1,3
BRDA:22,1,0,1
BRDA:22,1,1,7
BRDA:47,2,0,0
BRDA:47,2,1,2
BRDA:65,3,0,5
BRDA:65,3,1,0
BRDA:71,4,0,5
BRDA:71,4,1,0
BRDA:73,5,0,0
BRDA:73,5,1,5
BRDA:73,6,0,5
BRDA:73,6,1,5
BRDA:78,7,0,5
BRDA:78,7,1,0
BRDA:78,8,0,5
BRDA:78,8,1,0
BRDA:85,9,0,0
BRDA:85,9,1,5
BRF:20
BRH:13
end_of_record
TN:
SF:src/services/routeMatcher.ts
FN:4,(anonymous_0)
FN:7,(anonymous_1)
FN:8,(anonymous_2)
FN:19,(anonymous_3)
FN:74,(anonymous_4)
FN:75,(anonymous_5)
FNF:6
FNH:6
FNDA:28,(anonymous_0)
FNDA:13,(anonymous_1)
FNDA:4,(anonymous_2)
FNDA:20,(anonymous_3)
FNDA:10,(anonymous_4)
FNDA:21,(anonymous_5)
DA:6,28
DA:7,13
DA:8,4
DA:10,28
DA:11,9
DA:12,7
DA:16,21
DA:21,20
DA:22,1
DA:26,19
DA:27,8
DA:31,11
DA:32,10
DA:35,10
DA:36,1
DA:40,9
DA:41,6
DA:42,3
DA:47,6
DA:48,4
DA:49,4
DA:50,4
DA:51,1
DA:54,1
DA:58,4
DA:62,1
DA:63,1
DA:64,1
DA:65,1
DA:67,0
DA:71,0
DA:75,21
DA:80,3
LF:33
LH:31
BRDA:8,0,0,4
BRDA:8,0,1,1
BRDA:8,1,0,4
BRDA:8,1,1,0
BRDA:11,2,0,7
BRDA:11,2,1,2
BRDA:21,3,0,1
BRDA:21,3,1,19
BRDA:26,4,0,8
BRDA:26,4,1,11
BRDA:26,5,0,19
BRDA:26,5,1,9
BRDA:26,5,2,9
BRDA:31,6,0,10
BRDA:31,6,1,1
BRDA:35,7,0,1
BRDA:35,7,1,9
BRDA:35,8,0,10
BRDA:35,8,1,4
BRDA:36,9,0,1
BRDA:36,9,1,0
BRDA:40,10,0,6
BRDA:40,10,1,3
BRDA:41,11,0,3
BRDA:41,11,1,3
BRDA:47,12,0,4
BRDA:47,12,1,2
BRDA:50,13,0,1
BRDA:50,13,1,3
BRDA:50,14,0,4
BRDA:50,14,1,0
BRDA:62,15,0,1
BRDA:62,15,1,0
BRF:33
BRH:29
end_of_record
TN:
SF:src/services/storage.ts
FN:8,(anonymous_0)
FN:17,(anonymous_1)
FN:27,(anonymous_2)
FN:31,(anonymous_3)
FN:64,(anonymous_4)
FN:97,(anonymous_5)
FN:109,(anonymous_6)
FNF:7
FNH:6
FNDA:24,(anonymous_0)
FNDA:5,(anonymous_1)
FNDA:1,(anonymous_2)
FNDA:2,(anonymous_3)
FNDA:2,(anonymous_4)
FNDA:0,(anonymous_5)
FNDA:3,(anonymous_6)
DA:6,16
DA:9,24
DA:10,24
DA:12,1
DA:13,1
DA:18,5
DA:19,5
DA:20,5
DA:22,1
DA:23,1
DA:28,1
DA:32,2
DA:39,2
DA:61,2
DA:65,2
DA:72,2
DA:94,2
DA:98,0
DA:99,0
DA:100,0
DA:101,0
DA:102,0
DA:103,0
DA:104,0
DA:105,0
DA:106,0
DA:110,3
DA:111,3
DA:114,3
DA:115,0
DA:119,3
DA:120,0
DA:124,3
DA:126,2
DA:127,0
DA:128,0
DA:131,2
DA:132,1
DA:133,1
DA:137,2
DA:139,2
DA:140,2
DA:146,3
LF:43
LH:30
BRDA:20,0,0,3
BRDA:20,0,1,2
BRDA:50,1,0,2
BRDA:50,1,1,2
BRDA:83,2,0,2
BRDA:83,2,1,2
BRDA:97,3,0,0
BRDA:114,4,0,0
BRDA:114,4,1,3
BRDA:119,5,0,0
BRDA:119,5,1,3
BRDA:119,6,0,3
BRDA:119,6,1,0
BRDA:124,7,0,2
BRDA:124,7,1,1
BRDA:126,8,0,0
BRDA:126,8,1,2
BRDA:131,9,0,1
BRDA:131,9,1,1
BRF:19
BRH:14
end_of_record
TN:
SF:src/store/routeStore.ts
FN:23,(anonymous_0)
FN:29,(anonymous_1)
FN:39,(anonymous_2)
FN:48,(anonymous_3)
FN:52,(anonymous_4)
FN:58,(anonymous_5)
FN:59,(anonymous_6)
FN:71,(anonymous_7)
FN:72,(anonymous_8)
FN:81,(anonymous_9)
FN:82,(anonymous_10)
FN:94,(anonymous_11)
FN:101,(anonymous_12)
FNF:13
FNH:13
FNDA:1,(anonymous_0)
FNDA:2,(anonymous_1)
FNDA:20,(anonymous_2)
FNDA:5,(anonymous_3)
FNDA:2,(anonymous_4)
FNDA:3,(anonymous_5)
FNDA:4,(anonymous_6)
FNDA:2,(anonymous_7)
FNDA:2,(anonymous_8)
FNDA:2,(anonymous_9)
FNDA:2,(anonymous_10)
FNDA:1,(anonymous_11)
FNDA:1,(anonymous_12)
DA:23,1
DA:30,2
DA:31,2
DA:32,2
DA:33,2
DA:35,0
DA:40,20
DA:41,20
DA:42,20
DA:44,1
DA:49,5
DA:53,2
DA:54,2
DA:55,2
DA:59,3
DA:60,4
DA:62,3
DA:65,3
DA:66,3
DA:67,1
DA:72,2
DA:73,2
DA:76,2
DA:77,1
DA:82,2
DA:83,2
DA:85,2
DA:90,2
DA:91,2
DA:95,1
DA:96,1
DA:97,1
DA:98,1
DA:102,1
LF:34
LH:33
BRDA:60,0,0,3
BRDA:60,0,1,1
BRDA:66,1,0,1
BRDA:66,1,1,2
BRDA:76,2,0,1
BRDA:76,2,1,1
BRDA:83,3,0,0
BRDA:83,3,1,2
BRF:8
BRH:7
end_of_record
TN:
SF:src/store/simulationStore.ts
FN:17,(anonymous_0)
FN:22,(anonymous_1)
FN:129,(anonymous_2)
FN:133,(anonymous_3)
FN:134,(anonymous_4)
FNF:5
FNH:5
FNDA:1,(anonymous_0)
FNDA:23,(anonymous_1)
FNDA:1,(anonymous_2)
FNDA:2,(anonymous_3)
FNDA:1,(anonymous_4)
DA:17,1
DA:23,23
DA:25,23
DA:40,23
DA:42,23
DA:44,23
DA:45,23
DA:46,23
DA:48,23
DA:60,23
DA:62,23
DA:63,3
DA:64,3
DA:67,3
DA:68,2
DA:69,2
DA:73,2
DA:75,2
DA:86,2
DA:88,2
DA:89,2
DA:91,0
DA:100,20
DA:107,23
DA:108,23
DA:110,23
DA:116,0
DA:122,0
DA:130,1
DA:134,2
DA:135,2
DA:136,1
LF:32
LH:29
BRDA:51,0,0,3
BRDA:51,0,1,20
BRDA:62,1,0,3
BRDA:62,1,1,20
BRDA:67,2,0,2
BRDA:67,2,1,1
BRDA:67,3,0,3
BRDA:67,3,1,2
BRDA:70,4,0,2
BRDA:70,4,1,0
BRDA:88,5,0,2
BRDA:88,5,1,0
BRDA:93,6,0,0
BRDA:93,6,1,0
BRDA:118,7,0,0
BRDA:118,7,1,0
BRDA:135,8,0,1
BRDA:135,8,1,1
BRF:18
BRH:12
end_of_record
